<?xml version="1.0" encoding="UTF-8"?>
<testng-results ignored="0" total="1" passed="1" failed="0" skipped="0">
  <reporter-output>
  </reporter-output>
  <suite started-at="2021-05-06T01:33:34 CDT" name="Default suite" finished-at="2021-05-06T01:33:52 CDT" duration-ms="17309">
    <groups>
    </groups>
    <test started-at="2021-05-06T01:33:34 CDT" name="Default test" finished-at="2021-05-06T01:33:52 CDT" duration-ms="17309">
      <class name="com.Dropdown.MouseHoover">
        <test-method is-config="true" signature="setup()[pri:0, instance:com.Dropdown.MouseHoover@7d68ef40]" started-at="2021-05-06T01:33:34 CDT" name="setup" finished-at="2021-05-06T01:33:46 CDT" duration-ms="11452" status="PASS">
          <reporter-output>
          </reporter-output>
        </test-method> <!-- setup -->
        <test-method signature="mouseHoover()[pri:0, instance:com.Dropdown.MouseHoover@7d68ef40]" started-at="2021-05-06T01:33:46 CDT" name="mouseHoover" finished-at="2021-05-06T01:33:52 CDT" duration-ms="5798" status="PASS">
          <reporter-output>
          </reporter-output>
        </test-method> <!-- mouseHoover -->
      </class> <!-- com.Dropdown.MouseHoover -->
    </test> <!-- Default test -->
  </suite> <!-- Default suite -->
</testng-results>
